
@Valid_Credential
Scenario Outline: To validate the Login feature of the OrangeHRM                                    [90m# src/test/resources/Features/OHRMLoginPageTest.feature:12[0m
  [32mGiven [0m[32mOpen Browser OrangeHRM [0m[32m[1m"https://opensource-demo.orangehrmlive.com/web/index.php/auth/login"[0m [90m# com.stepdefinition.OrangeLoginStepDefinition.open_browser_orange_hrm(java.lang.String)[0m
  [32mWhen [0m[32mUser enter the [0m[32m[1mAdmin[0m[32m and [0m[32m[1madmin123[0m                                                            [90m# com.stepdefinition.OrangeLoginStepDefinition.user_enter_the_user_name_and_pass_word(java.lang.String,java.lang.String)[0m
  [32mAnd [0m[32mclick the Login btn[0m                                                                           [90m# com.stepdefinition.OrangeLoginStepDefinition.click_the_login_btn()[0m
  [32mThen [0m[32mValidating Login Page[0m                                                                        [90m# com.stepdefinition.OrangeLoginStepDefinition.validating_login_page()[0m

    Embedding Screenshot [image/png 119336 bytes]


@Invalid_Credential
Scenario Outline: To validate the Login feature of the OrangeHRM                                    [90m# src/test/resources/Features/OHRMLoginPageTest.feature:17[0m
  [32mGiven [0m[32mOpen Browser OrangeHRM [0m[32m[1m"https://opensource-demo.orangehrmlive.com/web/index.php/auth/login"[0m [90m# com.stepdefinition.OrangeLoginStepDefinition.open_browser_orange_hrm(java.lang.String)[0m
  [32mWhen [0m[32mUser enter the [0m[32m[1madmin[0m[32m and [0m[32m[1madmin[0m                                                               [90m# com.stepdefinition.OrangeLoginStepDefinition.user_enter_the_user_name_and_pass_word(java.lang.String,java.lang.String)[0m
  [32mAnd [0m[32mclick the Login btn[0m                                                                           [90m# com.stepdefinition.OrangeLoginStepDefinition.click_the_login_btn()[0m
  [31mThen [0m[31mValidating Login Page[0m                                                                        [90m# com.stepdefinition.OrangeLoginStepDefinition.validating_login_page()[0m
      [31morg.openqa.selenium.NoSuchElementException: no such element: Unable to locate element: {"method":"xpath","selector":"//*[@class="oxd-text oxd-text--h6 oxd-topbar-header-breadcrumb-module"]"}
  (Session info: chrome=117.0.5938.92)
For documentation on this error, please visit: https://www.selenium.dev/documentation/webdriver/troubleshooting/errors#no-such-element-exception
Build info: version: '4.12.1', revision: '8e34639b11'
System info: os.name: 'Windows 10', os.arch: 'amd64', os.version: '10.0', java.version: '17.0.7'
Driver info: org.openqa.selenium.chrome.ChromeDriver
Command: [8ed9691457243605d7185711dcca2510, findElement {using=xpath, value=//*[@class="oxd-text oxd-text--h6 oxd-topbar-header-breadcrumb-module"]}]
Capabilities {acceptInsecureCerts: false, browserName: chrome, browserVersion: 117.0.5938.92, chrome: {chromedriverVersion: 117.0.5938.92 (67649b10b92b..., userDataDir: C:\Users\MMARAL~1\AppData\L...}, fedcm:accounts: true, goog:chromeOptions: {debuggerAddress: localhost:51921}, networkConnectionEnabled: false, pageLoadStrategy: normal, platformName: windows, proxy: Proxy(), se:cdp: ws://localhost:51921/devtoo..., se:cdpVersion: 117.0.5938.92, setWindowRect: true, strictFileInteractability: false, timeouts: {implicit: 0, pageLoad: 300000, script: 30000}, unhandledPromptBehavior: dismiss and notify, webauthn:extension:credBlob: true, webauthn:extension:largeBlob: true, webauthn:extension:minPinLength: true, webauthn:extension:prf: true, webauthn:virtualAuthenticators: true}
Session ID: 8ed9691457243605d7185711dcca2510
	at java.base/jdk.internal.reflect.NativeConstructorAccessorImpl.newInstance0(Native Method)
	at java.base/jdk.internal.reflect.NativeConstructorAccessorImpl.newInstance(NativeConstructorAccessorImpl.java:77)
	at java.base/jdk.internal.reflect.DelegatingConstructorAccessorImpl.newInstance(DelegatingConstructorAccessorImpl.java:45)
	at java.base/java.lang.reflect.Constructor.newInstanceWithCaller(Constructor.java:499)
	at java.base/java.lang.reflect.Constructor.newInstance(Constructor.java:480)
	at org.openqa.selenium.remote.codec.w3c.W3CHttpResponseCodec.createException(W3CHttpResponseCodec.java:200)
	at org.openqa.selenium.remote.codec.w3c.W3CHttpResponseCodec.decode(W3CHttpResponseCodec.java:133)
	at org.openqa.selenium.remote.codec.w3c.W3CHttpResponseCodec.decode(W3CHttpResponseCodec.java:52)
	at org.openqa.selenium.remote.HttpCommandExecutor.execute(HttpCommandExecutor.java:191)
	at org.openqa.selenium.remote.service.DriverCommandExecutor.invokeExecute(DriverCommandExecutor.java:196)
	at org.openqa.selenium.remote.service.DriverCommandExecutor.execute(DriverCommandExecutor.java:171)
	at org.openqa.selenium.remote.RemoteWebDriver.execute(RemoteWebDriver.java:602)
	at org.openqa.selenium.remote.ElementLocation$ElementFinder$2.findElement(ElementLocation.java:165)
	at org.openqa.selenium.remote.ElementLocation.findElement(ElementLocation.java:59)
	at org.openqa.selenium.remote.RemoteWebDriver.findElement(RemoteWebDriver.java:359)
	at org.openqa.selenium.remote.RemoteWebDriver.findElement(RemoteWebDriver.java:353)
	at org.openqa.selenium.support.pagefactory.DefaultElementLocator.findElement(DefaultElementLocator.java:68)
	at org.openqa.selenium.support.pagefactory.internal.LocatingElementHandler.invoke(LocatingElementHandler.java:38)
	at jdk.proxy2/jdk.proxy2.$Proxy42.getText(Unknown Source)
	at com.pageactions.OrangeHRMHomePageAction.getHomePageText(OrangeHRMHomePageAction.java:20)
	at com.stepdefinition.OrangeLoginStepDefinition.validating_login_page(OrangeLoginStepDefinition.java:36)
	at âœ½.Validating Login Page(file:///C:/Users/mmaralinganavar/Desktop/PilotProjectOrangeHRM/src/test/resources/Features/OHRMLoginPageTest.feature:7)
[0m

    Embedding Screenshot [image/png 92855 bytes]


@Invalid_Credential
Scenario Outline: To validate the Login feature of the OrangeHRM                                    [90m# src/test/resources/Features/OHRMLoginPageTest.feature:18[0m
  [32mGiven [0m[32mOpen Browser OrangeHRM [0m[32m[1m"https://opensource-demo.orangehrmlive.com/web/index.php/auth/login"[0m [90m# com.stepdefinition.OrangeLoginStepDefinition.open_browser_orange_hrm(java.lang.String)[0m
  [32mWhen [0m[32mUser enter the [0m[32m[1mMallikarjun[0m[32m and [0m[32m[1mMaralinganavar[0m                                                [90m# com.stepdefinition.OrangeLoginStepDefinition.user_enter_the_user_name_and_pass_word(java.lang.String,java.lang.String)[0m
  [32mAnd [0m[32mclick the Login btn[0m                                                                           [90m# com.stepdefinition.OrangeLoginStepDefinition.click_the_login_btn()[0m
  [31mThen [0m[31mValidating Login Page[0m                                                                        [90m# com.stepdefinition.OrangeLoginStepDefinition.validating_login_page()[0m
      [31morg.openqa.selenium.NoSuchElementException: no such element: Unable to locate element: {"method":"xpath","selector":"//*[@class="oxd-text oxd-text--h6 oxd-topbar-header-breadcrumb-module"]"}
  (Session info: chrome=117.0.5938.92)
For documentation on this error, please visit: https://www.selenium.dev/documentation/webdriver/troubleshooting/errors#no-such-element-exception
Build info: version: '4.12.1', revision: '8e34639b11'
System info: os.name: 'Windows 10', os.arch: 'amd64', os.version: '10.0', java.version: '17.0.7'
Driver info: org.openqa.selenium.chrome.ChromeDriver
Command: [2f8cb8bbf78c02e740b725664dd50d03, findElement {using=xpath, value=//*[@class="oxd-text oxd-text--h6 oxd-topbar-header-breadcrumb-module"]}]
Capabilities {acceptInsecureCerts: false, browserName: chrome, browserVersion: 117.0.5938.92, chrome: {chromedriverVersion: 117.0.5938.92 (67649b10b92b..., userDataDir: C:\Users\MMARAL~1\AppData\L...}, fedcm:accounts: true, goog:chromeOptions: {debuggerAddress: localhost:51955}, networkConnectionEnabled: false, pageLoadStrategy: normal, platformName: windows, proxy: Proxy(), se:cdp: ws://localhost:51955/devtoo..., se:cdpVersion: 117.0.5938.92, setWindowRect: true, strictFileInteractability: false, timeouts: {implicit: 0, pageLoad: 300000, script: 30000}, unhandledPromptBehavior: dismiss and notify, webauthn:extension:credBlob: true, webauthn:extension:largeBlob: true, webauthn:extension:minPinLength: true, webauthn:extension:prf: true, webauthn:virtualAuthenticators: true}
Session ID: 2f8cb8bbf78c02e740b725664dd50d03
	at java.base/jdk.internal.reflect.NativeConstructorAccessorImpl.newInstance0(Native Method)
	at java.base/jdk.internal.reflect.NativeConstructorAccessorImpl.newInstance(NativeConstructorAccessorImpl.java:77)
	at java.base/jdk.internal.reflect.DelegatingConstructorAccessorImpl.newInstance(DelegatingConstructorAccessorImpl.java:45)
	at java.base/java.lang.reflect.Constructor.newInstanceWithCaller(Constructor.java:499)
	at java.base/java.lang.reflect.Constructor.newInstance(Constructor.java:480)
	at org.openqa.selenium.remote.codec.w3c.W3CHttpResponseCodec.createException(W3CHttpResponseCodec.java:200)
	at org.openqa.selenium.remote.codec.w3c.W3CHttpResponseCodec.decode(W3CHttpResponseCodec.java:133)
	at org.openqa.selenium.remote.codec.w3c.W3CHttpResponseCodec.decode(W3CHttpResponseCodec.java:52)
	at org.openqa.selenium.remote.HttpCommandExecutor.execute(HttpCommandExecutor.java:191)
	at org.openqa.selenium.remote.service.DriverCommandExecutor.invokeExecute(DriverCommandExecutor.java:196)
	at org.openqa.selenium.remote.service.DriverCommandExecutor.execute(DriverCommandExecutor.java:171)
	at org.openqa.selenium.remote.RemoteWebDriver.execute(RemoteWebDriver.java:602)
	at org.openqa.selenium.remote.ElementLocation$ElementFinder$2.findElement(ElementLocation.java:165)
	at org.openqa.selenium.remote.ElementLocation.findElement(ElementLocation.java:59)
	at org.openqa.selenium.remote.RemoteWebDriver.findElement(RemoteWebDriver.java:359)
	at org.openqa.selenium.remote.RemoteWebDriver.findElement(RemoteWebDriver.java:353)
	at org.openqa.selenium.support.pagefactory.DefaultElementLocator.findElement(DefaultElementLocator.java:68)
	at org.openqa.selenium.support.pagefactory.internal.LocatingElementHandler.invoke(LocatingElementHandler.java:38)
	at jdk.proxy2/jdk.proxy2.$Proxy42.getText(Unknown Source)
	at com.pageactions.OrangeHRMHomePageAction.getHomePageText(OrangeHRMHomePageAction.java:20)
	at com.stepdefinition.OrangeLoginStepDefinition.validating_login_page(OrangeLoginStepDefinition.java:36)
	at âœ½.Validating Login Page(file:///C:/Users/mmaralinganavar/Desktop/PilotProjectOrangeHRM/src/test/resources/Features/OHRMLoginPageTest.feature:7)
[0m

    Embedding Screenshot [image/png 92855 bytes]

